[debug] [2022-10-07T22:35:22.197Z] ----------------------------------------------------------------------
[debug] [2022-10-07T22:35:22.200Z] Command:       C:\Program Files\nodejs\node.exe C:\Users\Uzair Malik\AppData\Roaming\npm\node_modules\firebase-tools\lib\bin\firebase.js init
[debug] [2022-10-07T22:35:22.200Z] CLI Version:   11.13.0
[debug] [2022-10-07T22:35:22.200Z] Platform:      win32
[debug] [2022-10-07T22:35:22.201Z] Node Version:  v16.17.1
[debug] [2022-10-07T22:35:22.202Z] Time:          Sat Oct 08 2022 03:35:22 GMT+0500 (Pakistan Standard Time)
[debug] [2022-10-07T22:35:22.202Z] ----------------------------------------------------------------------
[debug] 
[debug] [2022-10-07T22:35:22.206Z] >>> [apiv2][query] GET https://firebase-public.firebaseio.com/cli.json [none]
[debug] [2022-10-07T22:35:22.313Z] > command requires scopes: ["email","openid","https://www.googleapis.com/auth/cloudplatformprojects.readonly","https://www.googleapis.com/auth/firebase","https://www.googleapis.com/auth/cloud-platform"]
[debug] [2022-10-07T22:35:22.313Z] > authorizing via signed-in user (uzairmalik2329@gmail.com)
[info] 
     ######## #### ########  ######## ########     ###     ######  ########
     ##        ##  ##     ## ##       ##     ##  ##   ##  ##       ##
     ######    ##  ########  ######   ########  #########  ######  ######
     ##        ##  ##    ##  ##       ##     ## ##     ##       ## ##
     ##       #### ##     ## ######## ########  ##     ##  ######  ########

You're about to initialize a Firebase project in this directory:

  C:\Users\Uzair Malik

Before we get started, keep in mind:

  * You are initializing within an existing Firebase project directory

[debug] [2022-10-07T22:35:22.960Z] <<< [apiv2][status] GET https://firebase-public.firebaseio.com/cli.json 200
[debug] [2022-10-07T22:35:22.963Z] <<< [apiv2][body] GET https://firebase-public.firebaseio.com/cli.json {"cloudBuildErrorAfter":1594252800000,"cloudBuildWarnAfter":1590019200000,"defaultNode10After":1594252800000,"minVersion":"3.0.5","node8DeploysDisabledAfter":1613390400000,"node8RuntimeDisabledAfter":1615809600000,"node8WarnAfter":1600128000000}
